\BOOKMARK [1][-]{section.1}{\376\377\0001\000\040\000I\000n\000t\000r\000o\000d\000u\000c\000t\000i\000o\000n\000\040}{}% 1
\BOOKMARK [1][-]{section.2}{\376\377\0002\000\040\000P\000r\000e\000l\000i\000m\000i\000n\000a\000r\000i\000e\000s\000:\000\040\000d\000e\000c\000i\000s\000i\000o\000n\000\040\000d\000i\000a\000g\000r\000a\000m\000s\000\040\000a\000n\000d\000\040\000s\000t\000a\000b\000i\000l\000i\000z\000e\000r\000\040\000s\000t\000a\000t\000e\000s\000\040}{}% 2
\BOOKMARK [1][-]{section.3}{\376\377\0003\000\040\000T\000h\000e\000\040\000L\000I\000M\000D\000D\000\040\000d\000a\000t\000a\000\040\000s\000t\000r\000u\000c\000t\000u\000r\000e}{}% 3
\BOOKMARK [1][-]{section.4}{\376\377\0004\000\040\000L\000I\000M\000D\000D\000s\000\040\000a\000r\000e\000\040\000e\000x\000p\000o\000n\000e\000n\000t\000i\000a\000l\000l\000y\000\040\000m\000o\000r\000e\000\040\000s\000u\000c\000c\000i\000n\000c\000t\000\040\000t\000h\000a\000n\000\040\000Q\000M\000D\000D\000s}{}% 4
\BOOKMARK [1][-]{section.5}{\376\377\0005\000\040\000S\000i\000m\000u\000l\000a\000t\000i\000n\000g\000\040\000Q\000u\000a\000n\000t\000u\000m\000\040\000C\000i\000r\000c\000u\000i\000t\000s\000\040\000w\000i\000t\000h\000\040\000P\000a\000u\000l\000i\000-\000L\000I\000M\000D\000D\000s}{}% 5
\BOOKMARK [2][-]{subsection.5.1}{\376\377\0005\000.\0001\000\040\000C\000h\000e\000c\000k\000i\000n\000g\000\040\000s\000t\000a\000t\000e\000\040\000e\000q\000u\000a\000l\000i\000t\000y}{section.5}% 6
\BOOKMARK [2][-]{subsection.5.2}{\376\377\0005\000.\0002\000\040\000P\000e\000r\000f\000o\000r\000m\000i\000n\000g\000\040\000a\000\040\000m\000e\000a\000s\000u\000r\000e\000m\000e\000n\000t\000\040\000i\000n\000\040\000t\000h\000e\000\040\000c\000o\000m\000p\000u\000t\000a\000t\000i\000o\000n\000a\000l\000\040\000b\000a\000s\000i\000s}{section.5}% 7
\BOOKMARK [2][-]{subsection.5.3}{\376\377\0005\000.\0003\000\040\000S\000i\000m\000p\000l\000e\000\040\000G\000a\000t\000e\000s}{section.5}% 8
\BOOKMARK [2][-]{subsection.5.4}{\376\377\0005\000.\0004\000\040\000A\000p\000p\000l\000y\000i\000n\000g\000\040\000a\000\040\000g\000e\000n\000e\000r\000i\000c\000\040\000m\000u\000l\000t\000i\000-\000q\000u\000b\000i\000t\000\040\000g\000a\000t\000e\000\040\000t\000o\000\040\000a\000\040\000s\000t\000a\000t\000e}{section.5}% 9
\BOOKMARK [2][-]{subsection.5.5}{\376\377\0005\000.\0005\000\040\000T\000h\000e\000\040\000M\000a\000k\000e\000E\000d\000g\000e\000\040\000s\000u\000b\000r\000o\000u\000t\000i\000n\000e}{section.5}% 10
\BOOKMARK [3][-]{subsubsection.5.5.1}{\376\377\0005\000.\0005\000.\0001\000\040\000B\000a\000s\000i\000c\000\040\000r\000e\000d\000u\000c\000t\000i\000o\000n\000\040\000i\000n\000\040\000M\000a\000k\000e\000E\000d\000g\000e}{subsection.5.5}% 11
\BOOKMARK [3][-]{subsubsection.5.5.2}{\376\377\0005\000.\0005\000.\0002\000\040\000C\000h\000o\000o\000s\000i\000n\000g\000\040\000a\000\040\000c\000a\000n\000o\000n\000i\000c\000a\000l\000\040\000h\000i\000g\000h\000-\000e\000d\000g\000e\000\040\000l\000a\000b\000e\000l}{subsection.5.5}% 12
\BOOKMARK [3][-]{subsubsection.5.5.3}{\376\377\0005\000.\0005\000.\0003\000\040\000C\000o\000n\000s\000t\000r\000u\000c\000t\000i\000n\000g\000\040\000t\000h\000e\000\040\000s\000t\000a\000b\000i\000l\000i\000z\000e\000r\000\040\000s\000u\000b\000g\000r\000o\000u\000p\000\040\000o\000f\000\040\000a\000\040\000L\000I\000M\000D\000D\000\040\000n\000o\000d\000e}{subsection.5.5}% 13
\BOOKMARK [3][-]{subsubsection.5.5.4}{\376\377\0005\000.\0005\000.\0004\000\040\000E\000f\000f\000i\000c\000i\000e\000n\000t\000l\000y\000\040\000f\000i\000n\000d\000i\000n\000g\000\040\000a\000\040\000m\000i\000n\000i\000m\000a\000l\000\040\000L\000I\000M\000\040\000b\000y\000\040\000m\000u\000l\000t\000i\000p\000l\000y\000i\000n\000g\000\040\000w\000i\000t\000h\000\040\000s\000t\000a\000b\000i\000l\000i\000z\000e\000r\000s}{subsection.5.5}% 14
\BOOKMARK [1][-]{section.6}{\376\377\0006\000\040\000A\000\040\000u\000s\000e\000\040\000c\000a\000s\000e\000\040\000f\000o\000r\000\040\000L\000I\000M\000D\000D\000s}{}% 15
\BOOKMARK [1][-]{section.7}{\376\377\0007\000\040\000D\000i\000s\000c\000u\000s\000s\000i\000o\000n\000\040}{}% 16
\BOOKMARK [1][-]{appendix.A}{\376\377\000A\000\040\000P\000r\000o\000o\000f\000\040\000t\000h\000a\000t\000\040\000c\000l\000u\000s\000t\000e\000r\000\040\000s\000t\000a\000t\000e\000s\000\040\000n\000e\000e\000d\000\040\000e\000x\000p\000o\000n\000e\000n\000t\000i\000a\000l\000l\000y\000-\000l\000a\000r\000g\000e\000\040\000Q\000M\000D\000D\000s}{}% 17
\BOOKMARK [2][-]{appendix.A.1}{\376\377\000A\000.\0001\000\040\000P\000r\000o\000o\000f\000\040\000t\000h\000a\000t\000\040\000X\000O\000R\000\040\000s\000t\000a\000t\000e\000s\000\040\000n\000e\000e\000d\000\040\000e\000x\000p\000o\000n\000e\000n\000t\000i\000a\000l\000l\000y\000\040\000l\000a\000r\000g\000e\000\040\000Q\000M\000D\000D\000s}{appendix.A}% 18
\BOOKMARK [1][-]{appendix.B}{\376\377\000B\000\040\000H\000o\000w\000\040\000t\000o\000\040\000w\000r\000i\000t\000e\000\040\000g\000r\000a\000p\000h\000\040\000s\000t\000a\000t\000e\000s\000,\000\040\000X\000O\000R\000-\000s\000t\000a\000t\000e\000s\000\040\000a\000n\000d\000\040\000s\000t\000a\000b\000i\000l\000i\000z\000e\000r\000\040\000s\000t\000a\000t\000e\000s\000\040\000a\000s\000\040\000T\000o\000w\000e\000r\000-\000L\000I\000M\000D\000D\000s}{}% 19
\BOOKMARK [1][-]{appendix.C}{\376\377\000C\000\040\000A\000d\000v\000a\000n\000c\000e\000d\000\040\000a\000l\000g\000o\000r\000i\000t\000h\000m\000s}{}% 20
\BOOKMARK [2][-]{appendix.C.1}{\376\377\000C\000.\0001\000\040\000M\000e\000a\000s\000u\000r\000i\000n\000g\000\040\000a\000n\000\040\000a\000r\000b\000i\000t\000r\000a\000r\000y\000\040\000q\000u\000b\000i\000t}{appendix.C}% 21
\BOOKMARK [2][-]{appendix.C.2}{\376\377\000C\000.\0002\000\040\000H\000a\000d\000a\000m\000a\000r\000d\000s\000\040\000o\000n\000\040\000s\000t\000a\000b\000i\000l\000i\000z\000e\000r\000\040\000s\000t\000a\000t\000e\000s\000\040\000i\000n\000\040\000p\000o\000l\000y\000n\000o\000m\000i\000a\000l\000\040\000t\000i\000m\000e}{appendix.C}% 22
